============================= test session starts =============================
platform win32 -- Python 3.13.3, pytest-9.0.3, pluggy-1.6.0 -- C:\Users\jmorrison\AppData\Local\Programs\Python\Python313\python.exe
cachedir: .pytest_cache
hypothesis profile 'default'
rootdir: C:\Users\jmorrison\OneDrive - Hewlett Packard Enterprise\Code\MistHelper
configfile: pyproject.toml
plugins: anyio-4.13.0, hypothesis-6.151.12, asyncio-1.3.0, cov-7.1.0, timeout-2.4.0
asyncio: mode=Mode.STRICT, debug=False, asyncio_default_fixture_loop_scope=None, asyncio_default_test_loop_scope=function
collecting ... collected 170 items

tests/unit/test_bulk_ap_upgrader.py::TestInit::test_basic_init PASSED    [  0%]
tests/unit/test_bulk_ap_upgrader.py::TestInit::test_sites_override PASSED [  1%]
tests/unit/test_bulk_ap_upgrader.py::TestInit::test_default_values PASSED [  1%]
tests/unit/test_bulk_ap_upgrader.py::TestStep1SiteSelection::test_override_sites_used PASSED [  2%]
tests/unit/test_bulk_ap_upgrader.py::TestStep1SiteSelection::test_override_empty_returns_false PASSED [  2%]
tests/unit/test_bulk_ap_upgrader.py::TestStep1SiteSelection::test_interactive_all_sites PASSED [  3%]
tests/unit/test_bulk_ap_upgrader.py::TestStep1SiteSelection::test_interactive_no_sites_found PASSED [  4%]
tests/unit/test_bulk_ap_upgrader.py::TestStep1SiteSelection::test_parse_index_input_single PASSED [  4%]
tests/unit/test_bulk_ap_upgrader.py::TestStep1SiteSelection::test_parse_index_input_multiple PASSED [  5%]
tests/unit/test_bulk_ap_upgrader.py::TestStep1SiteSelection::test_parse_index_input_range PASSED [  5%]
tests/unit/test_bulk_ap_upgrader.py::TestStep1SiteSelection::test_parse_index_input_out_of_range PASSED [  6%]
tests/unit/test_bulk_ap_upgrader.py::TestStep1SiteSelection::test_parse_index_input_invalid PASSED [  7%]
tests/unit/test_bulk_ap_upgrader.py::TestStep1SiteSelection::test_resolve_site_names PASSED [  7%]
tests/unit/test_bulk_ap_upgrader.py::TestStep1SiteSelection::test_resolve_site_names_missing PASSED [  8%]
tests/unit/test_bulk_ap_upgrader.py::TestStep1SiteSelection::test_read_site_names_from_file PASSED [  8%]
tests/unit/test_bulk_ap_upgrader.py::TestStep2APDiscovery::test_fetch_aps_for_site PASSED [  9%]
tests/unit/test_bulk_ap_upgrader.py::TestStep2APDiscovery::test_display_ap_discovery_summary PASSED [ 10%]
tests/unit/test_bulk_ap_upgrader.py::TestStep3FirmwareStats::test_process_aps_with_stats PASSED [ 10%]
tests/unit/test_bulk_ap_upgrader.py::TestStep3FirmwareStats::test_get_ap_version_from_stats PASSED [ 11%]
tests/unit/test_bulk_ap_upgrader.py::TestStep3FirmwareStats::test_get_ap_version_unknown PASSED [ 11%]
tests/unit/test_bulk_ap_upgrader.py::TestStep4AvailableFirmware::test_build_model_version_ranges PASSED [ 12%]
tests/unit/test_bulk_ap_upgrader.py::TestStep4AvailableFirmware::test_build_model_version_ranges_empty PASSED [ 12%]
tests/unit/test_bulk_ap_upgrader.py::TestStep5VersionSelection::test_apply_version_selection PASSED [ 13%]
tests/unit/test_bulk_ap_upgrader.py::TestStep5VersionSelection::test_apply_version_all_at_target PASSED [ 14%]
tests/unit/test_bulk_ap_upgrader.py::TestStep5VersionSelection::test_find_universal_versions PASSED [ 14%]
tests/unit/test_bulk_ap_upgrader.py::TestStep5VersionSelection::test_get_versions_for_model PASSED [ 15%]
tests/unit/test_bulk_ap_upgrader.py::TestStep6Configuration::test_select_strategy_defaults PASSED [ 15%]
tests/unit/test_bulk_ap_upgrader.py::TestStep6Configuration::test_select_strategy_big_bang PASSED [ 16%]
tests/unit/test_bulk_ap_upgrader.py::TestStep6Configuration::test_configure_p2p_enabled PASSED [ 17%]
tests/unit/test_bulk_ap_upgrader.py::TestStep6Configuration::test_configure_p2p_disabled PASSED [ 17%]
tests/unit/test_bulk_ap_upgrader.py::TestStep6Configuration::test_configure_force_no PASSED [ 18%]
tests/unit/test_bulk_ap_upgrader.py::TestStep7Confirmation::test_confirmation_accepted PASSED [ 18%]
tests/unit/test_bulk_ap_upgrader.py::TestStep7Confirmation::test_confirmation_rejected PASSED [ 19%]
tests/unit/test_bulk_ap_upgrader.py::TestStep7Confirmation::test_estimate_api_calls PASSED [ 20%]
tests/unit/test_bulk_ap_upgrader.py::TestStep8ExecuteUpgrades::test_build_upgrade_body PASSED [ 20%]
tests/unit/test_bulk_ap_upgrader.py::TestStep8ExecuteUpgrades::test_build_upgrade_body_no_p2p PASSED [ 21%]
tests/unit/test_bulk_ap_upgrader.py::TestStep8ExecuteUpgrades::test_organize_devices_by_site PASSED [ 21%]
tests/unit/test_bulk_ap_upgrader.py::TestStep8ExecuteUpgrades::test_dry_run_single_version PASSED [ 22%]
tests/unit/test_bulk_ap_upgrader.py::TestStep9AutoUpgrade::test_version_sort_key PASSED [ 22%]
tests/unit/test_bulk_ap_upgrader.py::TestStep9AutoUpgrade::test_configure_auto_upgrade_schedule_defaults PASSED [ 23%]
tests/unit/test_bulk_ap_upgrader.py::TestStep10StatusCheck::test_no_upgrades_skips_check PASSED [ 24%]
tests/unit/test_bulk_ap_upgrader.py::TestStep10StatusCheck::test_save_upgrade_tracking_empty PASSED [ 24%]
tests/unit/test_bulk_ap_upgrader.py::TestStep11WriteResults::test_write_results_csv PASSED [ 25%]
tests/unit/test_bulk_ap_upgrader.py::TestStep11WriteResults::test_write_results_empty PASSED [ 25%]
tests/unit/test_bulk_ap_upgrader.py::TestLogUpgradeResults::test_log_results_dry_run PASSED [ 26%]
tests/unit/test_bulk_ap_upgrader.py::TestLogUpgradeResults::test_get_device_target_version PASSED [ 27%]
tests/unit/test_bulk_ap_upgrader.py::TestLogUpgradeResults::test_get_device_target_version_unknown PASSED [ 27%]
tests/unit/test_bulk_ap_upgrader.py::TestExecuteWorkflow::test_execute_no_sites_returns_early PASSED [ 28%]
tests/unit/test_bulk_ap_upgrader.py::TestExecuteWorkflow::test_execute_keyboard_interrupt PASSED [ 28%]
tests/unit/test_bulk_ap_upgrader.py::TestExecuteWorkflow::test_execute_dry_run_banner PASSED [ 29%]
tests/unit/test_bulk_ap_upgrader.py::TestStep1SiteSelectionExtended::test_determine_sites_interactive_with_csv PASSED [ 30%]
tests/unit/test_bulk_ap_upgrader.py::TestStep1SiteSelectionExtended::test_determine_sites_interactive_no_csv PASSED [ 30%]
tests/unit/test_bulk_ap_upgrader.py::TestStep1SiteSelectionExtended::test_resolve_csv_path_with_fn PASSED [ 31%]
tests/unit/test_bulk_ap_upgrader.py::TestStep1SiteSelectionExtended::test_resolve_csv_path_no_fn PASSED [ 31%]
tests/unit/test_bulk_ap_upgrader.py::TestStep1SiteSelectionExtended::test_load_sites_from_file_empty_file PASSED [ 32%]
tests/unit/test_bulk_ap_upgrader.py::TestStep1SiteSelectionExtended::test_load_sites_from_file_no_sites_fetched PASSED [ 32%]
tests/unit/test_bulk_ap_upgrader.py::TestStep1SiteSelectionExtended::test_load_sites_from_file_success PASSED [ 33%]
tests/unit/test_bulk_ap_upgrader.py::TestStep1SiteSelectionExtended::test_read_site_names_bad_file PASSED [ 34%]
tests/unit/test_bulk_ap_upgrader.py::TestStep1SiteSelectionExtended::test_fetch_org_sites_with_fn PASSED [ 34%]
tests/unit/test_bulk_ap_upgrader.py::TestStep1SiteSelectionExtended::test_fetch_org_sites_without_fn PASSED [ 35%]
tests/unit/test_bulk_ap_upgrader.py::TestStep1SiteSelectionExtended::test_fetch_org_sites_api_error PASSED [ 35%]
tests/unit/test_bulk_ap_upgrader.py::TestStep1SiteSelectionExtended::test_report_missing_sites PASSED [ 36%]
tests/unit/test_bulk_ap_upgrader.py::TestStep1SiteSelectionExtended::test_report_missing_sites_truncated PASSED [ 37%]
tests/unit/test_bulk_ap_upgrader.py::TestStep1SiteSelectionExtended::test_select_all_sites PASSED [ 37%]
tests/unit/test_bulk_ap_upgrader.py::TestStep1SiteSelectionExtended::test_select_multiple_sites_success PASSED [ 38%]
tests/unit/test_bulk_ap_upgrader.py::TestStep1SiteSelectionExtended::test_select_multiple_sites_empty PASSED [ 38%]
tests/unit/test_bulk_ap_upgrader.py::TestStep1SiteSelectionExtended::test_select_multiple_sites_eof PASSED [ 39%]
tests/unit/test_bulk_ap_upgrader.py::TestStep1SiteSelectionExtended::test_select_site_interactively_eof PASSED [ 40%]
tests/unit/test_bulk_ap_upgrader.py::TestStep1SiteSelectionExtended::test_select_site_interactively_option2 PASSED [ 40%]
tests/unit/test_bulk_ap_upgrader.py::TestStep1SiteSelectionExtended::test_use_override_sites_success PASSED [ 41%]
tests/unit/test_bulk_ap_upgrader.py::TestStep1SiteSelectionExtended::test_parse_index_input_mixed PASSED [ 41%]
tests/unit/test_bulk_ap_upgrader.py::TestStep1SiteSelectionExtended::test_parse_index_input_duplicate PASSED [ 42%]
tests/unit/test_bulk_ap_upgrader.py::TestStep2APDiscoveryExtended::test_step2_discover_aps_success PASSED [ 42%]
tests/unit/test_bulk_ap_upgrader.py::TestStep2APDiscoveryExtended::test_step2_discover_aps_no_aps PASSED [ 43%]
tests/unit/test_bulk_ap_upgrader.py::TestStep2APDiscoveryExtended::test_fetch_aps_for_site_error PASSED [ 44%]
tests/unit/test_bulk_ap_upgrader.py::TestStep2APDiscoveryExtended::test_fetch_aps_for_site_empty PASSED [ 44%]
tests/unit/test_bulk_ap_upgrader.py::TestStep2APDiscoveryExtended::test_print_site_ap_breakdown_error PASSED [ 45%]
tests/unit/test_bulk_ap_upgrader.py::TestStep2APDiscoveryExtended::test_print_site_ap_breakdown_no_aps PASSED [ 45%]
tests/unit/test_bulk_ap_upgrader.py::TestStep2APDiscoveryExtended::test_print_site_ap_breakdown_with_aps PASSED [ 46%]
tests/unit/test_bulk_ap_upgrader.py::TestStep2APDiscoveryExtended::test_display_ap_discovery_summary PASSED [ 47%]
tests/unit/test_bulk_ap_upgrader.py::TestStep3FirmwareStatsExtended::test_step3_fetch_firmware_stats_full PASSED [ 47%]
tests/unit/test_bulk_ap_upgrader.py::TestStep3FirmwareStatsExtended::test_fetch_all_ap_stats_skips_empty PASSED [ 48%]
tests/unit/test_bulk_ap_upgrader.py::TestStep3FirmwareStatsExtended::test_fetch_site_ap_stats_success PASSED [ 48%]
tests/unit/test_bulk_ap_upgrader.py::TestStep3FirmwareStatsExtended::test_fetch_site_ap_stats_error PASSED [ 49%]
tests/unit/test_bulk_ap_upgrader.py::TestStep3FirmwareStatsExtended::test_display_model_summary PASSED [ 50%]
tests/unit/test_bulk_ap_upgrader.py::TestStep4AvailableFirmwareExtended::test_step4_success PASSED [ 50%]
tests/unit/test_bulk_ap_upgrader.py::TestStep4AvailableFirmwareExtended::test_step4_failure PASSED [ 51%]
tests/unit/test_bulk_ap_upgrader.py::TestStep5VersionSelectionExtended::test_step5_no_plan_returns_false PASSED [ 51%]
tests/unit/test_bulk_ap_upgrader.py::TestStep5VersionSelectionExtended::test_display_current_version_summary PASSED [ 52%]
tests/unit/test_bulk_ap_upgrader.py::TestStep5VersionSelectionExtended::test_display_compatibility_analysis_single_model PASSED [ 52%]
tests/unit/test_bulk_ap_upgrader.py::TestStep5VersionSelectionExtended::test_display_compatibility_analysis_multi_model PASSED [ 53%]
tests/unit/test_bulk_ap_upgrader.py::TestStep5VersionSelectionExtended::test_select_version_for_model_no_versions PASSED [ 54%]
tests/unit/test_bulk_ap_upgrader.py::TestStep5VersionSelectionExtended::test_select_version_for_model_skip PASSED [ 54%]
tests/unit/test_bulk_ap_upgrader.py::TestStep5VersionSelectionExtended::test_select_version_for_model_valid PASSED [ 55%]
tests/unit/test_bulk_ap_upgrader.py::TestStep5VersionSelectionExtended::test_display_model_versions PASSED [ 55%]
tests/unit/test_bulk_ap_upgrader.py::TestStep5VersionSelectionExtended::test_get_user_version_selection_invalid_then_valid PASSED [ 56%]
tests/unit/test_bulk_ap_upgrader.py::TestStep5VersionSelectionExtended::test_get_user_version_selection_out_of_range PASSED [ 57%]
tests/unit/test_bulk_ap_upgrader.py::TestStep5VersionSelectionExtended::test_get_user_version_selection_keyboard_interrupt PASSED [ 57%]
tests/unit/test_bulk_ap_upgrader.py::TestStep5VersionSelectionExtended::test_validate_upgrade_plan_multi_version PASSED [ 58%]
tests/unit/test_bulk_ap_upgrader.py::TestStep5VersionSelectionExtended::test_validate_upgrade_plan_multi_version_rejected PASSED [ 58%]
tests/unit/test_bulk_ap_upgrader.py::TestStep6ConfigurationExtended::test_step6_full_flow PASSED [ 59%]
tests/unit/test_bulk_ap_upgrader.py::TestStep6ConfigurationExtended::test_select_strategy_serial PASSED [ 60%]
tests/unit/test_bulk_ap_upgrader.py::TestStep6ConfigurationExtended::test_configure_strategy_options_canary PASSED [ 60%]
tests/unit/test_bulk_ap_upgrader.py::TestStep6ConfigurationExtended::test_configure_strategy_options_rrm PASSED [ 61%]
tests/unit/test_bulk_ap_upgrader.py::TestStep6ConfigurationExtended::test_configure_canary_invalid_input PASSED [ 61%]
tests/unit/test_bulk_ap_upgrader.py::TestStep6ConfigurationExtended::test_configure_canary_empty_input PASSED [ 62%]
tests/unit/test_bulk_ap_upgrader.py::TestStep6ConfigurationExtended::test_configure_scheduling_yes_minutes PASSED [ 62%]
tests/unit/test_bulk_ap_upgrader.py::TestStep6ConfigurationExtended::test_configure_scheduling_yes_datetime PASSED [ 63%]
tests/unit/test_bulk_ap_upgrader.py::TestStep6ConfigurationExtended::test_configure_scheduling_yes_invalid PASSED [ 64%]
tests/unit/test_bulk_ap_upgrader.py::TestStep6ConfigurationExtended::test_configure_scheduling_no PASSED [ 64%]
tests/unit/test_bulk_ap_upgrader.py::TestStep6ConfigurationExtended::test_configure_force_yes PASSED [ 65%]
tests/unit/test_bulk_ap_upgrader.py::TestStep6ConfigurationExtended::test_display_final_config PASSED [ 65%]
tests/unit/test_bulk_ap_upgrader.py::TestStep7ConfirmationExtended::test_step7_full_flow_accepted PASSED [ 66%]
tests/unit/test_bulk_ap_upgrader.py::TestStep7ConfirmationExtended::test_step7_multi_site PASSED [ 67%]
tests/unit/test_bulk_ap_upgrader.py::TestStep7ConfirmationExtended::test_display_upgrade_warnings_dry_run PASSED [ 67%]
tests/unit/test_bulk_ap_upgrader.py::TestStep7ConfirmationExtended::test_display_upgrade_warnings_live PASSED [ 68%]
tests/unit/test_bulk_ap_upgrader.py::TestStep7ConfirmationExtended::test_display_final_plan_multi_site PASSED [ 68%]
tests/unit/test_bulk_ap_upgrader.py::TestStep7ConfirmationExtended::test_display_api_call_estimate_multi_site PASSED [ 69%]
tests/unit/test_bulk_ap_upgrader.py::TestStep7ConfirmationExtended::test_display_multi_site_summary PASSED [ 70%]
tests/unit/test_bulk_ap_upgrader.py::TestStep7ConfirmationExtended::test_get_upgrade_confirmation_multi_site PASSED [ 70%]
tests/unit/test_bulk_ap_upgrader.py::TestStep7ConfirmationExtended::test_get_upgrade_confirmation_eof PASSED [ 71%]
tests/unit/test_bulk_ap_upgrader.py::TestStep7ConfirmationExtended::test_estimate_api_calls_multi_version PASSED [ 71%]
tests/unit/test_bulk_ap_upgrader.py::TestStep7ConfirmationExtended::test_display_api_call_estimate_single_site PASSED [ 72%]
tests/unit/test_bulk_ap_upgrader.py::TestStep7ConfirmationExtended::test_display_api_call_estimate_many_sites PASSED [ 72%]
tests/unit/test_bulk_ap_upgrader.py::TestStep8ExecuteExtended::test_step8_full_dry_run PASSED [ 73%]
tests/unit/test_bulk_ap_upgrader.py::TestStep8ExecuteExtended::test_step8_no_devices_needing_upgrade PASSED [ 74%]
tests/unit/test_bulk_ap_upgrader.py::TestStep8ExecuteExtended::test_execute_single_version_non_dry_run PASSED [ 74%]
tests/unit/test_bulk_ap_upgrader.py::TestStep8ExecuteExtended::test_execute_multi_version_upgrade_dry_run PASSED [ 75%]
tests/unit/test_bulk_ap_upgrader.py::TestStep8ExecuteExtended::test_upgrade_version_group_non_dry_run FAILED [ 75%]
tests/unit/test_bulk_ap_upgrader.py::TestStep8ExecuteExtended::test_execute_site_upgrade_error PASSED [ 76%]
tests/unit/test_bulk_ap_upgrader.py::TestStep8ExecuteExtended::test_build_upgrade_body_with_schedule PASSED [ 77%]
tests/unit/test_bulk_ap_upgrader.py::TestStep8ExecuteExtended::test_log_upgrade_results_non_dry_run PASSED [ 77%]
tests/unit/test_bulk_ap_upgrader.py::TestStep9AutoUpgradeExtended::test_step9_skip PASSED [ 78%]
tests/unit/test_bulk_ap_upgrader.py::TestStep9AutoUpgradeExtended::test_step9_no_sites PASSED [ 78%]
tests/unit/test_bulk_ap_upgrader.py::TestStep9AutoUpgradeExtended::test_step9_eof PASSED [ 79%]
tests/unit/test_bulk_ap_upgrader.py::TestStep9AutoUpgradeExtended::test_fetch_ap_model_families_success PASSED [ 80%]
tests/unit/test_bulk_ap_upgrader.py::TestStep9AutoUpgradeExtended::test_fetch_ap_model_families_failure PASSED [ 80%]
tests/unit/test_bulk_ap_upgrader.py::TestStep9AutoUpgradeExtended::test_offer_additional_model_versions_skip PASSED [ 81%]
tests/unit/test_bulk_ap_upgrader.py::TestStep9AutoUpgradeExtended::test_offer_additional_model_versions_eof PASSED [ 81%]
tests/unit/test_bulk_ap_upgrader.py::TestStep9AutoUpgradeExtended::test_parse_family_selection_all PASSED [ 82%]
tests/unit/test_bulk_ap_upgrader.py::TestStep9AutoUpgradeExtended::test_parse_family_selection_indices PASSED [ 82%]
tests/unit/test_bulk_ap_upgrader.py::TestStep9AutoUpgradeExtended::test_parse_family_selection_invalid PASSED [ 83%]
tests/unit/test_bulk_ap_upgrader.py::TestStep9AutoUpgradeExtended::test_select_versions_by_family PASSED [ 84%]
tests/unit/test_bulk_ap_upgrader.py::TestStep9AutoUpgradeExtended::test_select_version_for_family_no_new_models PASSED [ 84%]
tests/unit/test_bulk_ap_upgrader.py::TestStep9AutoUpgradeExtended::test_select_version_for_family_no_universal PASSED [ 85%]
tests/unit/test_bulk_ap_upgrader.py::TestStep9AutoUpgradeExtended::test_apply_family_version_choice_skip PASSED [ 85%]
tests/unit/test_bulk_ap_upgrader.py::TestStep9AutoUpgradeExtended::test_apply_family_version_choice_valid PASSED [ 86%]
tests/unit/test_bulk_ap_upgrader.py::TestStep9AutoUpgradeExtended::test_apply_family_version_choice_eof PASSED [ 87%]
tests/unit/test_bulk_ap_upgrader.py::TestStep9AutoUpgradeExtended::test_find_universal_versions_for_models PASSED [ 87%]
tests/unit/test_bulk_ap_upgrader.py::TestStep9AutoUpgradeExtended::test_version_sort_key_alpha PASSED [ 88%]
tests/unit/test_bulk_ap_upgrader.py::TestStep9AutoUpgradeExtended::test_version_sort_key_exception PASSED [ 88%]
tests/unit/test_bulk_ap_upgrader.py::TestStep9AutoUpgradeExtended::test_configure_auto_upgrade_schedule_with_day_and_time PASSED [ 89%]
tests/unit/test_bulk_ap_upgrader.py::TestStep9AutoUpgradeExtended::test_configure_auto_upgrade_schedule_eof PASSED [ 90%]
tests/unit/test_bulk_ap_upgrader.py::TestStep9AutoUpgradeExtended::test_configure_auto_upgrade_schedule_invalid_day PASSED [ 90%]
tests/unit/test_bulk_ap_upgrader.py::TestStep9AutoUpgradeExtended::test_build_auto_upgrade_settings_basic PASSED [ 91%]
tests/unit/test_bulk_ap_upgrader.py::TestStep9AutoUpgradeExtended::test_build_auto_upgrade_settings_with_schedule PASSED [ 91%]
tests/unit/test_bulk_ap_upgrader.py::TestStep9AutoUpgradeExtended::test_apply_settings_to_sites_success PASSED [ 92%]
tests/unit/test_bulk_ap_upgrader.py::TestStep9AutoUpgradeExtended::test_apply_settings_to_sites_failure PASSED [ 92%]
tests/unit/test_bulk_ap_upgrader.py::TestStep9AutoUpgradeExtended::test_apply_settings_to_sites_stop_signal PASSED [ 93%]
tests/unit/test_bulk_ap_upgrader.py::TestStep9AutoUpgradeExtended::test_print_auto_upgrade_summary PASSED [ 94%]
tests/unit/test_bulk_ap_upgrader.py::TestStep9AutoUpgradeExtended::test_print_auto_upgrade_summary_with_failures PASSED [ 94%]
tests/unit/test_bulk_ap_upgrader.py::TestStep9AutoUpgradeExtended::test_apply_auto_upgrade_to_all_sites PASSED [ 95%]
tests/unit/test_bulk_ap_upgrader.py::TestStep10StatusCheckExtended::test_step10_with_upgrades_yes PASSED [ 95%]
tests/unit/test_bulk_ap_upgrader.py::TestStep10StatusCheckExtended::test_step10_with_upgrades_no PASSED [ 96%]
tests/unit/test_bulk_ap_upgrader.py::TestStep10StatusCheckExtended::test_step10_eof PASSED [ 97%]
tests/unit/test_bulk_ap_upgrader.py::TestStep10StatusCheckExtended::test_save_upgrade_tracking_with_ids PASSED [ 97%]
tests/unit/test_bulk_ap_upgrader.py::TestStep10StatusCheckExtended::test_save_upgrade_tracking_error PASSED [ 98%]
tests/unit/test_bulk_ap_upgrader.py::TestStep11WriteResultsExtended::test_write_results_non_dry_run PASSED [ 98%]
tests/unit/test_bulk_ap_upgrader.py::TestStep11WriteResultsExtended::test_write_results_error PASSED [ 99%]
tests/unit/test_bulk_ap_upgrader.py::TestStep11WriteResultsExtended::test_write_results_no_sites PASSED [100%]

================================== FAILURES ===================================
_______ TestStep8ExecuteExtended.test_upgrade_version_group_non_dry_run _______
C:\Users\jmorrison\OneDrive - Hewlett Packard Enterprise\Code\MistHelper\tests\unit\test_bulk_ap_upgrader.py:1723: in test_upgrade_version_group_non_dry_run
    upgrader._upgrade_version_group("site-001", "HQ", "0.14.123", version_info, _mock_mistapi)
C:\Users\jmorrison\OneDrive - Hewlett Packard Enterprise\Code\MistHelper\src\firmware\bulk_ap_upgrader.py:1471: in _upgrade_version_group
    self._invoke_upgrade_api(site_id, version, models_str, devices, body, mistapi)
E   TypeError: BulkAPFirmwareUpgrader._invoke_upgrade_api() takes 6 positional arguments but 7 were given
=========================== short test summary info ===========================
FAILED tests/unit/test_bulk_ap_upgrader.py::TestStep8ExecuteExtended::test_upgrade_version_group_non_dry_run - TypeError: BulkAPFirmwareUpgrader._invoke_upgrade_api() takes 6 positional arguments but 7 were given
======================== 1 failed, 169 passed in 2.50s ========================
