============================= test session starts =============================
platform win32 -- Python 3.13.3, pytest-9.0.2, pluggy-1.6.0
rootdir: C:\Users\jmorrison\OneDrive - Juniper Networks, Inc\Code\MistHelper.worktrees\copilot-worktree-2026-04-02T18-11-08
configfile: pyproject.toml
testpaths: tests
plugins: hypothesis-6.151.10, asyncio-1.3.0, timeout-2.4.0
asyncio: mode=Mode.STRICT, debug=False, asyncio_default_fixture_loop_scope=None, asyncio_default_test_loop_scope=function
collected 157 items

tests\e2e\test_portal_smoke.py ..............                            [  8%]
tests\test_clear_bpdu_error.py x                                         [  9%]
tests\test_clear_learned_macs.py x                                       [ 10%]
tests\test_clear_policy_hit_count.py x                                   [ 10%]
tests\test_clear_session.py .....                                        [ 14%]
tests\test_exports.py .                                                  [ 14%]
tests\test_readopt.py XX                                                 [ 15%]
tests\test_virtual_chassis.py X                                          [ 16%]
tests\unit\test_config_utils.py .....                                    [ 19%]
tests\unit\test_data_processing.py ......................                [ 33%]
tests\unit\test_exports.py ..                                            [ 35%]
tests\unit\test_hypothesis_example.py ..                                 [ 36%]
tests\unit\test_lint_diagram_refs.py ............................        [ 54%]
tests\unit\test_offline_device_reporter.py ............................. [ 72%]
.............                                                            [ 80%]
tests\unit\test_pk_strategies.py ..........                              [ 87%]
tests\unit\test_telemetry.py ....................                        [100%]

============================== warnings summary ===============================
..\..\..\..\AppData\Local\Programs\Python\Python313\Lib\site-packages\requests\__init__.py:86
  C:\Users\jmorrison\AppData\Local\Programs\Python\Python313\Lib\site-packages\requests\__init__.py:86: RequestsDependencyWarning: Unable to find acceptable character detection dependency (chardet or charset_normalizer).
    warnings.warn(

..\..\..\..\AppData\Local\Programs\Python\Python313\Lib\importlib\metadata\__init__.py:486
..\..\..\..\AppData\Local\Programs\Python\Python313\Lib\importlib\metadata\__init__.py:486
..\..\..\..\AppData\Local\Programs\Python\Python313\Lib\importlib\metadata\__init__.py:486
..\..\..\..\AppData\Local\Programs\Python\Python313\Lib\importlib\metadata\__init__.py:486
..\..\..\..\AppData\Local\Programs\Python\Python313\Lib\importlib\metadata\__init__.py:486
  C:\Users\jmorrison\AppData\Local\Programs\Python\Python313\Lib\importlib\metadata\__init__.py:486: DeprecationWarning: Implicit None on return values is deprecated and will raise KeyErrors.
    return self.metadata['Version']

-- Docs: https://docs.pytest.org/en/stable/how-to/capture-warnings.html
====== 151 passed, 3 xfailed, 3 xpassed, 6 warnings in 83.15s (0:01:23) =======
